Using pre-set license
Built from '2020.2/release' branch; Version is '2020.2.2f1 (068178b99f32) revision 426360'; Using compiler version '192528614'; Build Type 'Release'
OS: 'Windows 10 Pro; OS build 19041.685; Version 2004; 64bit' Language: 'en' Physical Memory: 8145 MB
BatchMode: 1, IsHumanControllingUs: 0, StartBugReporterOnCrash: 0, Is64bit: 1, IsPro: 0

 COMMAND LINE ARGUMENTS:
C:\Program Files\Unity\Hub\Editor\2020.2.2f1\Editor\Unity.exe
-adb2
-batchMode
-noUpm
-name
AssetImportWorker0
-projectPath
C:/Users/Bob/Documents/The Vaccinator
-logFile
Logs/AssetImportWorker0.log
-srvPort
64158
Successfully changed project path to: C:/Users/Bob/Documents/The Vaccinator
C:/Users/Bob/Documents/The Vaccinator
Using Asset Import Pipeline V2.
Refreshing native plugins compatible for Editor in 40.69 ms, found 1 plugins.
Preloading 0 native plugins for Editor in 0.00 ms.
Initialize engine version: 2020.2.2f1 (068178b99f32)
[Subsystems] Discovering subsystems at path C:/Program Files/Unity/Hub/Editor/2020.2.2f1/Editor/Data/Resources/UnitySubsystems
[Subsystems] Discovering subsystems at path C:/Users/Bob/Documents/The Vaccinator/Assets
GfxDevice: creating device client; threaded=0
Direct3D:
    Version:  Direct3D 11.0 [level 11.0]
    Renderer: NVIDIA GeForce GTX 745 (ID=0x1382)
    Vendor:   
    VRAM:     4053 MB
    Driver:   26.21.14.3107
Initialize mono
Mono path[0] = 'C:/Program Files/Unity/Hub/Editor/2020.2.2f1/Editor/Data/Managed'
Mono path[1] = 'C:/Program Files/Unity/Hub/Editor/2020.2.2f1/Editor/Data/MonoBleedingEdge/lib/mono/unityjit'
Mono config path = 'C:/Program Files/Unity/Hub/Editor/2020.2.2f1/Editor/Data/MonoBleedingEdge/etc'
Using monoOptions --debugger-agent=transport=dt_socket,embedding=1,server=y,suspend=n,address=127.0.0.1:56788
Begin MonoManager ReloadAssembly
Registering precompiled unity dll's ...
Register platform support module: C:/Program Files/Unity/Hub/Editor/2020.2.2f1/Editor/Data/PlaybackEngines/WebGLSupport/UnityEditor.WebGL.Extensions.dll
Register platform support module: C:/Program Files/Unity/Hub/Editor/2020.2.2f1/Editor/Data/PlaybackEngines/MacStandaloneSupport/UnityEditor.OSXStandalone.Extensions.dll
Register platform support module: C:/Program Files/Unity/Hub/Editor/2020.2.2f1/Editor/Data/PlaybackEngines/WindowsStandaloneSupport/UnityEditor.WindowsStandalone.Extensions.dll
Registered in 0.002642 seconds.
Native extension for WindowsStandalone target not found
Native extension for OSXStandalone target not found
Native extension for WebGL target not found
Refreshing native plugins compatible for Editor in 38.66 ms, found 1 plugins.
Preloading 0 native plugins for Editor in 0.00 ms.
Invoked RoslynAnalysisRunner static constructor.
RoslynAnalysisRunner will not be running.
RoslynAnalysisRunner has terminated.
Mono: successfully reloaded assembly
- Completed reload, in  1.195 seconds
Platform modules already initialized, skipping
Registering precompiled user dll's ...
Registered in 0.001008 seconds.
Begin MonoManager ReloadAssembly
Native extension for WindowsStandalone target not found
Native extension for OSXStandalone target not found
Native extension for WebGL target not found
Refreshing native plugins compatible for Editor in 44.26 ms, found 1 plugins.
Preloading 0 native plugins for Editor in 0.00 ms.
Invoked RoslynAnalysisRunner static constructor.
RoslynAnalysisRunner will not be running.
RoslynAnalysisRunner has terminated.
Mono: successfully reloaded assembly
- Completed reload, in  1.019 seconds
Platform modules already initialized, skipping
========================================================================
Worker process is ready to serve import requests
Launched and connected shader compiler UnityShaderCompiler.exe after 0.05 seconds
Refreshing native plugins compatible for Editor in 0.78 ms, found 1 plugins.
Preloading 0 native plugins for Editor in 0.00 ms.
Unloading 2071 Unused Serialized files (Serialized files now loaded: 0)
System memory in use before: 97.9 MB.
System memory in use after: 97.9 MB.

Unloading 25 unused Assets to reduce memory usage. Loaded Objects now: 2515.
Total: 3.161000 ms (FindLiveObjects: 0.463400 ms CreateObjectMapping: 0.118100 ms MarkObjects: 2.375000 ms  DeleteObjects: 0.202900 ms)

========================================================================
Received Import Request.
  path: Assets/Prefabs/EnemyHit.prefab
  artifactKey: Guid(02a46060f4d2bdc428f35d1220f7c117) Importer(815301076,1909f56bfc062723c751e8b465ee728b)
Start importing Assets/Prefabs/EnemyHit.prefab using Guid(02a46060f4d2bdc428f35d1220f7c117) Importer(815301076,1909f56bfc062723c751e8b465ee728b)  -> (artifact id: '113d877ab550a5757d7b0a42a593a150') in 0.127798 seconds
  Import took 0.134011 seconds .

========================================================================
Received Import Request.
  Time since last request: 1.535721 seconds.
  path: Assets/Prefabs/EnemyHit.prefab
  artifactKey: Guid(02a46060f4d2bdc428f35d1220f7c117) Importer(815301076,1909f56bfc062723c751e8b465ee728b)
Start importing Assets/Prefabs/EnemyHit.prefab using Guid(02a46060f4d2bdc428f35d1220f7c117) Importer(815301076,1909f56bfc062723c751e8b465ee728b)  -> (artifact id: 'f98848c18182e85a99b8733304e732d8') in 0.005535 seconds
  Import took 0.010226 seconds .

========================================================================
Received Import Request.
  Time since last request: 2.481136 seconds.
  path: Assets/Prefabs/EnemyHit.prefab
  artifactKey: Guid(02a46060f4d2bdc428f35d1220f7c117) Importer(815301076,1909f56bfc062723c751e8b465ee728b)
Start importing Assets/Prefabs/EnemyHit.prefab using Guid(02a46060f4d2bdc428f35d1220f7c117) Importer(815301076,1909f56bfc062723c751e8b465ee728b)  -> (artifact id: 'fedc049b8ead722ae6b8a091778efb53') in 0.006074 seconds
  Import took 0.010450 seconds .

========================================================================
Received Prepare
Registering precompiled user dll's ...
Registered in 0.000975 seconds.
Begin MonoManager ReloadAssembly
Native extension for WindowsStandalone target not found
Native extension for OSXStandalone target not found
Native extension for WebGL target not found
Refreshing native plugins compatible for Editor in 0.45 ms, found 1 plugins.
Preloading 0 native plugins for Editor in 0.00 ms.
Invoked RoslynAnalysisRunner static constructor.
RoslynAnalysisRunner will not be running.
RoslynAnalysisRunner has terminated.
Mono: successfully reloaded assembly
- Completed reload, in  0.934 seconds
Platform modules already initialized, skipping
Refreshing native plugins compatible for Editor in 0.43 ms, found 1 plugins.
Preloading 0 native plugins for Editor in 0.00 ms.
Unloading 2037 Unused Serialized files (Serialized files now loaded: 0)
System memory in use before: 96.2 MB.
System memory in use after: 96.2 MB.

Unloading 13 unused Assets to reduce memory usage. Loaded Objects now: 2518.
Total: 2.656000 ms (FindLiveObjects: 0.269300 ms CreateObjectMapping: 0.084500 ms MarkObjects: 2.161600 ms  DeleteObjects: 0.139400 ms)

========================================================================
Received Prepare
Registering precompiled user dll's ...
Registered in 0.001054 seconds.
Begin MonoManager ReloadAssembly
Native extension for WindowsStandalone target not found
Native extension for OSXStandalone target not found
Native extension for WebGL target not found
Refreshing native plugins compatible for Editor in 0.51 ms, found 1 plugins.
Preloading 0 native plugins for Editor in 0.00 ms.
Invoked RoslynAnalysisRunner static constructor.
RoslynAnalysisRunner will not be running.
RoslynAnalysisRunner has terminated.
Mono: successfully reloaded assembly
- Completed reload, in  0.950 seconds
Platform modules already initialized, skipping
Refreshing native plugins compatible for Editor in 0.50 ms, found 1 plugins.
Preloading 0 native plugins for Editor in 0.00 ms.
Unloading 2037 Unused Serialized files (Serialized files now loaded: 0)
System memory in use before: 96.3 MB.
System memory in use after: 96.3 MB.

Unloading 13 unused Assets to reduce memory usage. Loaded Objects now: 2521.
Total: 2.950200 ms (FindLiveObjects: 0.424200 ms CreateObjectMapping: 0.200500 ms MarkObjects: 2.186700 ms  DeleteObjects: 0.137100 ms)

========================================================================
Received Import Request.
  Time since last request: 110.850655 seconds.
  path: Assets/Prefabs/EnemyHit 1.prefab
  artifactKey: Guid(4a11e69bc572bdb48b4ccd6222096960) Importer(815301076,1909f56bfc062723c751e8b465ee728b)
Start importing Assets/Prefabs/EnemyHit 1.prefab using Guid(4a11e69bc572bdb48b4ccd6222096960) Importer(815301076,1909f56bfc062723c751e8b465ee728b)  -> (artifact id: '43dfe1fb86fa4070b6ab2efe30f5b4a0') in 0.031478 seconds
  Import took 0.035764 seconds .

========================================================================
Received Prepare
Registering precompiled user dll's ...
Registered in 0.001071 seconds.
Begin MonoManager ReloadAssembly
Native extension for WindowsStandalone target not found
Native extension for OSXStandalone target not found
Native extension for WebGL target not found
Refreshing native plugins compatible for Editor in 0.42 ms, found 1 plugins.
Preloading 0 native plugins for Editor in 0.00 ms.
Invoked RoslynAnalysisRunner static constructor.
RoslynAnalysisRunner will not be running.
RoslynAnalysisRunner has terminated.
Mono: successfully reloaded assembly
- Completed reload, in  0.870 seconds
Platform modules already initialized, skipping
Refreshing native plugins compatible for Editor in 0.48 ms, found 1 plugins.
Preloading 0 native plugins for Editor in 0.00 ms.
Unloading 2037 Unused Serialized files (Serialized files now loaded: 0)
System memory in use before: 97.2 MB.
System memory in use after: 97.2 MB.

Unloading 13 unused Assets to reduce memory usage. Loaded Objects now: 2524.
Total: 2.446800 ms (FindLiveObjects: 0.208000 ms CreateObjectMapping: 0.085500 ms MarkObjects: 2.014800 ms  DeleteObjects: 0.137400 ms)

========================================================================
Received Import Request.
  Time since last request: 170.925393 seconds.
  path: Assets/Prefabs/PlayerHit.prefab
  artifactKey: Guid(4a11e69bc572bdb48b4ccd6222096960) Importer(815301076,1909f56bfc062723c751e8b465ee728b)
Start importing Assets/Prefabs/PlayerHit.prefab using Guid(4a11e69bc572bdb48b4ccd6222096960) Importer(815301076,1909f56bfc062723c751e8b465ee728b)  -> (artifact id: 'b1c3a0e62c92ae0551f3dc90593a9a6d') in 0.037970 seconds
  Import took 0.042701 seconds .

========================================================================
Received Prepare
Registering precompiled user dll's ...
Registered in 0.001098 seconds.
Begin MonoManager ReloadAssembly
Native extension for WindowsStandalone target not found
Native extension for OSXStandalone target not found
Native extension for WebGL target not found
Refreshing native plugins compatible for Editor in 0.45 ms, found 1 plugins.
Preloading 0 native plugins for Editor in 0.00 ms.
Invoked RoslynAnalysisRunner static constructor.
RoslynAnalysisRunner will not be running.
RoslynAnalysisRunner has terminated.
Mono: successfully reloaded assembly
- Completed reload, in  0.887 seconds
Platform modules already initialized, skipping
Refreshing native plugins compatible for Editor in 0.44 ms, found 1 plugins.
Preloading 0 native plugins for Editor in 0.00 ms.
Unloading 2037 Unused Serialized files (Serialized files now loaded: 0)
System memory in use before: 97.3 MB.
System memory in use after: 97.3 MB.

Unloading 13 unused Assets to reduce memory usage. Loaded Objects now: 2527.
Total: 2.214700 ms (FindLiveObjects: 0.235600 ms CreateObjectMapping: 0.085200 ms MarkObjects: 1.764800 ms  DeleteObjects: 0.127400 ms)

========================================================================
Received Import Request.
  Time since last request: 20.985561 seconds.
  path: Assets/Prefabs/EnemyHit.prefab
  artifactKey: Guid(02a46060f4d2bdc428f35d1220f7c117) Importer(815301076,1909f56bfc062723c751e8b465ee728b)
Start importing Assets/Prefabs/EnemyHit.prefab using Guid(02a46060f4d2bdc428f35d1220f7c117) Importer(815301076,1909f56bfc062723c751e8b465ee728b)  -> (artifact id: '4dcb6f088345eeeca6e7cebbc0844316') in 0.029429 seconds
  Import took 0.033619 seconds .

========================================================================
Received Prepare
Registering precompiled user dll's ...
Registered in 0.067132 seconds.
Begin MonoManager ReloadAssembly
Native extension for WindowsStandalone target not found
Native extension for OSXStandalone target not found
Native extension for WebGL target not found
Refreshing native plugins compatible for Editor in 0.54 ms, found 1 plugins.
Preloading 0 native plugins for Editor in 0.00 ms.
Invoked RoslynAnalysisRunner static constructor.
RoslynAnalysisRunner will not be running.
RoslynAnalysisRunner has terminated.
Mono: successfully reloaded assembly
- Completed reload, in  4.809 seconds
Platform modules already initialized, skipping
Refreshing native plugins compatible for Editor in 0.51 ms, found 1 plugins.
Preloading 0 native plugins for Editor in 0.00 ms.
Unloading 2037 Unused Serialized files (Serialized files now loaded: 0)
System memory in use before: 97.2 MB.
System memory in use after: 97.2 MB.

Unloading 13 unused Assets to reduce memory usage. Loaded Objects now: 2530.
Total: 3.378900 ms (FindLiveObjects: 0.312100 ms CreateObjectMapping: 0.200000 ms MarkObjects: 2.701300 ms  DeleteObjects: 0.163400 ms)

========================================================================
Received Prepare
Registering precompiled user dll's ...
Registered in 0.001023 seconds.
Begin MonoManager ReloadAssembly
Native extension for WindowsStandalone target not found
Native extension for OSXStandalone target not found
Native extension for WebGL target not found
Refreshing native plugins compatible for Editor in 0.45 ms, found 1 plugins.
Preloading 0 native plugins for Editor in 0.00 ms.
Invoked RoslynAnalysisRunner static constructor.
RoslynAnalysisRunner will not be running.
RoslynAnalysisRunner has terminated.
Mono: successfully reloaded assembly
- Completed reload, in  0.998 seconds
Platform modules already initialized, skipping
Refreshing native plugins compatible for Editor in 0.49 ms, found 1 plugins.
Preloading 0 native plugins for Editor in 0.00 ms.
Unloading 2037 Unused Serialized files (Serialized files now loaded: 0)
System memory in use before: 97.3 MB.
System memory in use after: 97.3 MB.

Unloading 13 unused Assets to reduce memory usage. Loaded Objects now: 2533.
Total: 4.822500 ms (FindLiveObjects: 0.522400 ms CreateObjectMapping: 0.179500 ms MarkObjects: 3.936200 ms  DeleteObjects: 0.181700 ms)

========================================================================
Received Prepare
Registering precompiled user dll's ...
Registered in 0.001140 seconds.
Begin MonoManager ReloadAssembly
Native extension for WindowsStandalone target not found
Native extension for OSXStandalone target not found
Native extension for WebGL target not found
Refreshing native plugins compatible for Editor in 0.48 ms, found 1 plugins.
Preloading 0 native plugins for Editor in 0.00 ms.
Invoked RoslynAnalysisRunner static constructor.
RoslynAnalysisRunner will not be running.
RoslynAnalysisRunner has terminated.
Mono: successfully reloaded assembly
- Completed reload, in  0.861 seconds
Platform modules already initialized, skipping
Refreshing native plugins compatible for Editor in 0.44 ms, found 1 plugins.
Preloading 0 native plugins for Editor in 0.00 ms.
Unloading 2037 Unused Serialized files (Serialized files now loaded: 0)
System memory in use before: 97.1 MB.
System memory in use after: 97.1 MB.

Unloading 13 unused Assets to reduce memory usage. Loaded Objects now: 2536.
Total: 3.308100 ms (FindLiveObjects: 0.384300 ms CreateObjectMapping: 0.098400 ms MarkObjects: 2.570200 ms  DeleteObjects: 0.253600 ms)

========================================================================
Received Import Request.
  Time since last request: 1561.254930 seconds.
  path: Assets/Prefabs/Enemy.prefab
  artifactKey: Guid(1be87aae039d7a84e9a41922365f1fbb) Importer(815301076,1909f56bfc062723c751e8b465ee728b)
Start importing Assets/Prefabs/Enemy.prefab using Guid(1be87aae039d7a84e9a41922365f1fbb) Importer(815301076,1909f56bfc062723c751e8b465ee728b)  -> (artifact id: '40ee75d395fe423984d86e592432f888') in 0.128761 seconds
  Import took 0.133212 seconds .

========================================================================
Received Import Request.
  Time since last request: 6.135642 seconds.
  path: Assets/Prefabs/Enemy.prefab
  artifactKey: Guid(1be87aae039d7a84e9a41922365f1fbb) Importer(815301076,1909f56bfc062723c751e8b465ee728b)
Start importing Assets/Prefabs/Enemy.prefab using Guid(1be87aae039d7a84e9a41922365f1fbb) Importer(815301076,1909f56bfc062723c751e8b465ee728b)  -> (artifact id: '8afa34da6857766eaf3c649b7984aeeb') in 0.014232 seconds
  Import took 0.019443 seconds .

========================================================================
Received Import Request.
  Time since last request: 2.602086 seconds.
  path: Assets/Prefabs/Enemy.prefab
  artifactKey: Guid(1be87aae039d7a84e9a41922365f1fbb) Importer(815301076,1909f56bfc062723c751e8b465ee728b)
Start importing Assets/Prefabs/Enemy.prefab using Guid(1be87aae039d7a84e9a41922365f1fbb) Importer(815301076,1909f56bfc062723c751e8b465ee728b)  -> (artifact id: '3cbe9caa6273636383af529d11fd0554') in 0.013286 seconds
  Import took 0.018013 seconds .

========================================================================
Received Import Request.
  Time since last request: 0.584285 seconds.
  path: Assets/Prefabs/Enemy.prefab
  artifactKey: Guid(1be87aae039d7a84e9a41922365f1fbb) Importer(815301076,1909f56bfc062723c751e8b465ee728b)
Start importing Assets/Prefabs/Enemy.prefab using Guid(1be87aae039d7a84e9a41922365f1fbb) Importer(815301076,1909f56bfc062723c751e8b465ee728b)  -> (artifact id: '51078111c5070627387e503087989062') in 0.013103 seconds
  Import took 0.018563 seconds .

========================================================================
Received Import Request.
  Time since last request: 2.221483 seconds.
  path: Assets/Prefabs/Enemy.prefab
  artifactKey: Guid(1be87aae039d7a84e9a41922365f1fbb) Importer(815301076,1909f56bfc062723c751e8b465ee728b)
Start importing Assets/Prefabs/Enemy.prefab using Guid(1be87aae039d7a84e9a41922365f1fbb) Importer(815301076,1909f56bfc062723c751e8b465ee728b)  -> (artifact id: '1d3cec68d4648a93593a800d305414ea') in 0.014395 seconds
  Import took 0.019542 seconds .

========================================================================
Received Import Request.
  Time since last request: 1.216605 seconds.
  path: Assets/Prefabs/Enemy.prefab
  artifactKey: Guid(1be87aae039d7a84e9a41922365f1fbb) Importer(815301076,1909f56bfc062723c751e8b465ee728b)
Start importing Assets/Prefabs/Enemy.prefab using Guid(1be87aae039d7a84e9a41922365f1fbb) Importer(815301076,1909f56bfc062723c751e8b465ee728b)  -> (artifact id: '8874193a3d0c0c4e0dc402fcdc5b27d3') in 0.013207 seconds
  Import took 0.018344 seconds .

========================================================================
Received Import Request.
  Time since last request: 1.205952 seconds.
  path: Assets/Prefabs/Enemy.prefab
  artifactKey: Guid(1be87aae039d7a84e9a41922365f1fbb) Importer(815301076,1909f56bfc062723c751e8b465ee728b)
Start importing Assets/Prefabs/Enemy.prefab using Guid(1be87aae039d7a84e9a41922365f1fbb) Importer(815301076,1909f56bfc062723c751e8b465ee728b)  -> (artifact id: '57c36ea83e92f70d27ef28a0b6a7ebf6') in 0.012520 seconds
  Import took 0.017206 seconds .

========================================================================
Received Import Request.
  Time since last request: 1.614643 seconds.
  path: Assets/Prefabs/Enemy.prefab
  artifactKey: Guid(1be87aae039d7a84e9a41922365f1fbb) Importer(815301076,1909f56bfc062723c751e8b465ee728b)
Start importing Assets/Prefabs/Enemy.prefab using Guid(1be87aae039d7a84e9a41922365f1fbb) Importer(815301076,1909f56bfc062723c751e8b465ee728b)  -> (artifact id: '179f32c47ffe21be6a2ba051dbc3b5f4') in 0.014567 seconds
  Import took 0.019324 seconds .

========================================================================
Received Import Request.
  Time since last request: 1.818467 seconds.
  path: Assets/Prefabs/Enemy.prefab
  artifactKey: Guid(1be87aae039d7a84e9a41922365f1fbb) Importer(815301076,1909f56bfc062723c751e8b465ee728b)
Start importing Assets/Prefabs/Enemy.prefab using Guid(1be87aae039d7a84e9a41922365f1fbb) Importer(815301076,1909f56bfc062723c751e8b465ee728b)  -> (artifact id: 'c722bc6cfcdbc8d12ae9316649e97e29') in 0.012270 seconds
  Import took 0.016487 seconds .

========================================================================
Received Import Request.
  Time since last request: 2.305105 seconds.
  path: Assets/Prefabs/Enemy.prefab
  artifactKey: Guid(1be87aae039d7a84e9a41922365f1fbb) Importer(815301076,1909f56bfc062723c751e8b465ee728b)
Start importing Assets/Prefabs/Enemy.prefab using Guid(1be87aae039d7a84e9a41922365f1fbb) Importer(815301076,1909f56bfc062723c751e8b465ee728b)  -> (artifact id: 'ebb9726601a2b22d921eb28b88c99695') in 0.013554 seconds
  Import took 0.019456 seconds .

========================================================================
Received Import Request.
  Time since last request: 8.949832 seconds.
  path: Assets/Prefabs/EnemyHit.prefab
  artifactKey: Guid(02a46060f4d2bdc428f35d1220f7c117) Importer(815301076,1909f56bfc062723c751e8b465ee728b)
Start importing Assets/Prefabs/EnemyHit.prefab using Guid(02a46060f4d2bdc428f35d1220f7c117) Importer(815301076,1909f56bfc062723c751e8b465ee728b)  -> (artifact id: '8ce4a35e6e1aaf3a552e72ad8f38cf4a') in 0.008041 seconds
  Import took 0.011933 seconds .

========================================================================
Received Import Request.
  Time since last request: 0.046752 seconds.
  path: Assets/Prefabs/EnemyHit.prefab
  artifactKey: Guid(02a46060f4d2bdc428f35d1220f7c117) Importer(815301076,1909f56bfc062723c751e8b465ee728b)
Start importing Assets/Prefabs/EnemyHit.prefab using Guid(02a46060f4d2bdc428f35d1220f7c117) Importer(815301076,1909f56bfc062723c751e8b465ee728b)  -> (artifact id: '8ce4a35e6e1aaf3a552e72ad8f38cf4a') in 0.004967 seconds
  Import took 0.009366 seconds .

========================================================================
Received Import Request.
  Time since last request: 1.264799 seconds.
  path: Assets/Prefabs/FlyingEnemy.prefab
  artifactKey: Guid(2feddf8b15c2b3041b9b56694722f6a8) Importer(815301076,1909f56bfc062723c751e8b465ee728b)
Start importing Assets/Prefabs/FlyingEnemy.prefab using Guid(2feddf8b15c2b3041b9b56694722f6a8) Importer(815301076,1909f56bfc062723c751e8b465ee728b)  -> (artifact id: 'bd3077a47e7c8ab1b42f0b724fe4536a') in 0.066376 seconds
  Import took 0.072337 seconds .

========================================================================
Received Import Request.
  Time since last request: 11.997310 seconds.
  path: Assets/Prefabs/FlyingEnemy.prefab
  artifactKey: Guid(2feddf8b15c2b3041b9b56694722f6a8) Importer(815301076,1909f56bfc062723c751e8b465ee728b)
Start importing Assets/Prefabs/FlyingEnemy.prefab using Guid(2feddf8b15c2b3041b9b56694722f6a8) Importer(815301076,1909f56bfc062723c751e8b465ee728b)  -> (artifact id: '00627aff7b2e71fe311911b8fe6e24ef') in 0.013955 seconds
  Import took 0.018684 seconds .

========================================================================
Received Import Request.
  Time since last request: 2.199382 seconds.
  path: Assets/Prefabs/LaunchEnemy.prefab
  artifactKey: Guid(5d47d3b54f2dde048af5b944bc68abd2) Importer(815301076,1909f56bfc062723c751e8b465ee728b)
Start importing Assets/Prefabs/LaunchEnemy.prefab using Guid(5d47d3b54f2dde048af5b944bc68abd2) Importer(815301076,1909f56bfc062723c751e8b465ee728b)  -> (artifact id: 'eb0c33fce79137f0a98c9484c659fa48') in 0.043759 seconds
  Import took 0.049281 seconds .

========================================================================
Received Import Request.
  Time since last request: 7.723394 seconds.
  path: Assets/Prefabs/LaunchEnemy.prefab
  artifactKey: Guid(5d47d3b54f2dde048af5b944bc68abd2) Importer(815301076,1909f56bfc062723c751e8b465ee728b)
Start importing Assets/Prefabs/LaunchEnemy.prefab using Guid(5d47d3b54f2dde048af5b944bc68abd2) Importer(815301076,1909f56bfc062723c751e8b465ee728b)  -> (artifact id: '50669b38ea3d481354c562db2aab8b16') in 0.015200 seconds
  Import took 0.020439 seconds .

========================================================================
Received Import Request.
  Time since last request: 16.465695 seconds.
  path: Assets/Prefabs/SmallEnemy.prefab
  artifactKey: Guid(aa6ae942b6aea5040b4a30c512e4389f) Importer(815301076,1909f56bfc062723c751e8b465ee728b)
Start importing Assets/Prefabs/SmallEnemy.prefab using Guid(aa6ae942b6aea5040b4a30c512e4389f) Importer(815301076,1909f56bfc062723c751e8b465ee728b)  -> (artifact id: '256043a196b849876e8761fda9fec7b4') in 0.031303 seconds
  Import took 0.036974 seconds .

========================================================================
Received Import Request.
  Time since last request: 3.293478 seconds.
  path: Assets/Prefabs/SmallEnemy.prefab
  artifactKey: Guid(aa6ae942b6aea5040b4a30c512e4389f) Importer(815301076,1909f56bfc062723c751e8b465ee728b)
Start importing Assets/Prefabs/SmallEnemy.prefab using Guid(aa6ae942b6aea5040b4a30c512e4389f) Importer(815301076,1909f56bfc062723c751e8b465ee728b)  -> (artifact id: '55076dc5a97abb57e340cfbb2a94cdb7') in 0.016140 seconds
  Import took 0.020893 seconds .

========================================================================
Received Import Request.
  Time since last request: 1.534397 seconds.
  path: Assets/Prefabs/SplitEnemy.prefab
  artifactKey: Guid(1dbf5d069ce8dfb4da68ad392c63cf0d) Importer(815301076,1909f56bfc062723c751e8b465ee728b)
Start importing Assets/Prefabs/SplitEnemy.prefab using Guid(1dbf5d069ce8dfb4da68ad392c63cf0d) Importer(815301076,1909f56bfc062723c751e8b465ee728b)  -> (artifact id: '0b546e691ed2409e0eb3ac75c2bb58d8') in 0.050889 seconds
  Import took 0.055509 seconds .

========================================================================
Received Import Request.
  Time since last request: 3.058082 seconds.
  path: Assets/Prefabs/SplitEnemy.prefab
  artifactKey: Guid(1dbf5d069ce8dfb4da68ad392c63cf0d) Importer(815301076,1909f56bfc062723c751e8b465ee728b)
Start importing Assets/Prefabs/SplitEnemy.prefab using Guid(1dbf5d069ce8dfb4da68ad392c63cf0d) Importer(815301076,1909f56bfc062723c751e8b465ee728b)  -> (artifact id: '9f824c1fc1fc3d1e0762b4b51dbb7a75') in 0.020692 seconds
  Import took 0.025643 seconds .

========================================================================
Received Prepare
Registering precompiled user dll's ...
Registered in 0.001024 seconds.
Begin MonoManager ReloadAssembly
Native extension for WindowsStandalone target not found
Native extension for OSXStandalone target not found
Native extension for WebGL target not found
Refreshing native plugins compatible for Editor in 0.52 ms, found 1 plugins.
Preloading 0 native plugins for Editor in 0.00 ms.
Invoked RoslynAnalysisRunner static constructor.
RoslynAnalysisRunner will not be running.
RoslynAnalysisRunner has terminated.
Mono: successfully reloaded assembly
- Completed reload, in  0.864 seconds
Platform modules already initialized, skipping
Refreshing native plugins compatible for Editor in 0.46 ms, found 1 plugins.
Preloading 0 native plugins for Editor in 0.00 ms.
Unloading 2037 Unused Serialized files (Serialized files now loaded: 0)
System memory in use before: 100.4 MB.
System memory in use after: 100.4 MB.

Unloading 13 unused Assets to reduce memory usage. Loaded Objects now: 2546.
Total: 3.858500 ms (FindLiveObjects: 0.312900 ms CreateObjectMapping: 0.175500 ms MarkObjects: 3.176100 ms  DeleteObjects: 0.191900 ms)

========================================================================
Received Import Request.
  Time since last request: 195.660502 seconds.
  path: Assets/Prefabs/Projectile.prefab
  artifactKey: Guid(288541845ab8ec245ad316c98b7126e9) Importer(815301076,1909f56bfc062723c751e8b465ee728b)
Start importing Assets/Prefabs/Projectile.prefab using Guid(288541845ab8ec245ad316c98b7126e9) Importer(815301076,1909f56bfc062723c751e8b465ee728b)  -> (artifact id: 'e773925fa3754a6a66cc00110c05a80e') in 0.082667 seconds
  Import took 0.087123 seconds .

========================================================================
Received Import Request.
  Time since last request: 5.928174 seconds.
  path: Assets/Prefabs/Projectile.prefab
  artifactKey: Guid(288541845ab8ec245ad316c98b7126e9) Importer(815301076,1909f56bfc062723c751e8b465ee728b)
Start importing Assets/Prefabs/Projectile.prefab using Guid(288541845ab8ec245ad316c98b7126e9) Importer(815301076,1909f56bfc062723c751e8b465ee728b)  -> (artifact id: '2ad906ffd2b49178ea25470c115b0270') in 0.010842 seconds
  Import took 0.016456 seconds .

========================================================================
Received Import Request.
  Time since last request: 3.954170 seconds.
  path: Assets/Prefabs/Projectile.prefab
  artifactKey: Guid(288541845ab8ec245ad316c98b7126e9) Importer(815301076,1909f56bfc062723c751e8b465ee728b)
Start importing Assets/Prefabs/Projectile.prefab using Guid(288541845ab8ec245ad316c98b7126e9) Importer(815301076,1909f56bfc062723c751e8b465ee728b)  -> (artifact id: 'd5b01aaea46e1b985298fba52acd348c') in 0.010241 seconds
  Import took 0.015832 seconds .

========================================================================
Received Import Request.
  Time since last request: 12.489632 seconds.
  path: Assets/Prefabs/Projectile.prefab
  artifactKey: Guid(288541845ab8ec245ad316c98b7126e9) Importer(815301076,1909f56bfc062723c751e8b465ee728b)
Start importing Assets/Prefabs/Projectile.prefab using Guid(288541845ab8ec245ad316c98b7126e9) Importer(815301076,1909f56bfc062723c751e8b465ee728b)  -> (artifact id: '8cae01b848684acf8e10e4866d377130') in 0.014974 seconds
  Import took 0.020425 seconds .

========================================================================
Received Prepare
Registering precompiled user dll's ...
Registered in 0.001195 seconds.
Begin MonoManager ReloadAssembly
Native extension for WindowsStandalone target not found
Native extension for OSXStandalone target not found
Native extension for WebGL target not found
Refreshing native plugins compatible for Editor in 0.42 ms, found 1 plugins.
Preloading 0 native plugins for Editor in 0.00 ms.
Invoked RoslynAnalysisRunner static constructor.
RoslynAnalysisRunner will not be running.
RoslynAnalysisRunner has terminated.
Mono: successfully reloaded assembly
- Completed reload, in  0.880 seconds
Platform modules already initialized, skipping
Refreshing native plugins compatible for Editor in 0.43 ms, found 1 plugins.
Preloading 0 native plugins for Editor in 0.00 ms.
Unloading 2037 Unused Serialized files (Serialized files now loaded: 0)
System memory in use before: 100.2 MB.
System memory in use after: 100.2 MB.

Unloading 13 unused Assets to reduce memory usage. Loaded Objects now: 2550.
Total: 2.411600 ms (FindLiveObjects: 0.308200 ms CreateObjectMapping: 0.085500 ms MarkObjects: 1.886100 ms  DeleteObjects: 0.130900 ms)

========================================================================
Received Import Request.
  Time since last request: 38.249745 seconds.
  path: Assets/Prefabs/Projectile.prefab
  artifactKey: Guid(288541845ab8ec245ad316c98b7126e9) Importer(815301076,1909f56bfc062723c751e8b465ee728b)
Start importing Assets/Prefabs/Projectile.prefab using Guid(288541845ab8ec245ad316c98b7126e9) Importer(815301076,1909f56bfc062723c751e8b465ee728b)  -> (artifact id: '8d495e25ae5dcad30e0df04c81f3951f') in 0.058865 seconds
  Import took 0.063247 seconds .

========================================================================
Received Import Request.
  Time since last request: 7.717522 seconds.
  path: Assets/Prefabs/Projectile.prefab
  artifactKey: Guid(288541845ab8ec245ad316c98b7126e9) Importer(815301076,1909f56bfc062723c751e8b465ee728b)
Start importing Assets/Prefabs/Projectile.prefab using Guid(288541845ab8ec245ad316c98b7126e9) Importer(815301076,1909f56bfc062723c751e8b465ee728b)  -> (artifact id: '3e36bf5d1e5cf68d4a09b88187e4ae1a') in 0.011622 seconds
  Import took 0.016693 seconds .

========================================================================
Received Import Request.
  Time since last request: 4.748064 seconds.
  path: Assets/Prefabs/Projectile.prefab
  artifactKey: Guid(288541845ab8ec245ad316c98b7126e9) Importer(815301076,1909f56bfc062723c751e8b465ee728b)
Start importing Assets/Prefabs/Projectile.prefab using Guid(288541845ab8ec245ad316c98b7126e9) Importer(815301076,1909f56bfc062723c751e8b465ee728b)  -> (artifact id: 'ab7bc58d70139c8a2aeee837bd48e1fb') in 0.010501 seconds
  Import took 0.015419 seconds .

========================================================================
Received Import Request.
  Time since last request: 0.008968 seconds.
  path: Assets/Prefabs/Projectile.prefab
  artifactKey: Guid(288541845ab8ec245ad316c98b7126e9) Importer(815301076,1909f56bfc062723c751e8b465ee728b)
Start importing Assets/Prefabs/Projectile.prefab using Guid(288541845ab8ec245ad316c98b7126e9) Importer(815301076,1909f56bfc062723c751e8b465ee728b)  -> (artifact id: 'ab7bc58d70139c8a2aeee837bd48e1fb') in 0.031300 seconds
  Import took 0.035923 seconds .

========================================================================
Received Import Request.
  Time since last request: 1.328736 seconds.
  path: Assets/Prefabs/Projectile.prefab
  artifactKey: Guid(288541845ab8ec245ad316c98b7126e9) Importer(815301076,1909f56bfc062723c751e8b465ee728b)
Start importing Assets/Prefabs/Projectile.prefab using Guid(288541845ab8ec245ad316c98b7126e9) Importer(815301076,1909f56bfc062723c751e8b465ee728b)  -> (artifact id: 'd134599d118cacdbc8f10a5e807511b7') in 0.011604 seconds
  Import took 0.016445 seconds .

========================================================================
Received Import Request.
  Time since last request: 1.643058 seconds.
  path: Assets/Prefabs/Projectile.prefab
  artifactKey: Guid(288541845ab8ec245ad316c98b7126e9) Importer(815301076,1909f56bfc062723c751e8b465ee728b)
Start importing Assets/Prefabs/Projectile.prefab using Guid(288541845ab8ec245ad316c98b7126e9) Importer(815301076,1909f56bfc062723c751e8b465ee728b)  -> (artifact id: '911b35aecae2d3eb1990e5ad8058cf16') in 0.013203 seconds
  Import took 0.018080 seconds .

========================================================================
Received Import Request.
  Time since last request: 0.010172 seconds.
  path: Assets/Prefabs/Projectile.prefab
  artifactKey: Guid(288541845ab8ec245ad316c98b7126e9) Importer(815301076,1909f56bfc062723c751e8b465ee728b)
Start importing Assets/Prefabs/Projectile.prefab using Guid(288541845ab8ec245ad316c98b7126e9) Importer(815301076,1909f56bfc062723c751e8b465ee728b)  -> (artifact id: '911b35aecae2d3eb1990e5ad8058cf16') in 0.025628 seconds
  Import took 0.029558 seconds .

========================================================================
Received Import Request.
  Time since last request: 0.986903 seconds.
  path: Assets/Prefabs/Projectile.prefab
  artifactKey: Guid(288541845ab8ec245ad316c98b7126e9) Importer(815301076,1909f56bfc062723c751e8b465ee728b)
Start importing Assets/Prefabs/Projectile.prefab using Guid(288541845ab8ec245ad316c98b7126e9) Importer(815301076,1909f56bfc062723c751e8b465ee728b)  -> (artifact id: 'ed2dd467906302660083b93cb54b69a6') in 0.010426 seconds
  Import took 0.015216 seconds .

========================================================================
Received Import Request.
  Time since last request: 1.453529 seconds.
  path: Assets/Prefabs/Projectile.prefab
  artifactKey: Guid(288541845ab8ec245ad316c98b7126e9) Importer(815301076,1909f56bfc062723c751e8b465ee728b)
Start importing Assets/Prefabs/Projectile.prefab using Guid(288541845ab8ec245ad316c98b7126e9) Importer(815301076,1909f56bfc062723c751e8b465ee728b)  -> (artifact id: 'f254c2346525c3b8a48bc22820e53719') in 0.010470 seconds
  Import took 0.015198 seconds .

========================================================================
Received Import Request.
  Time since last request: 1.426568 seconds.
  path: Assets/Prefabs/Projectile.prefab
  artifactKey: Guid(288541845ab8ec245ad316c98b7126e9) Importer(815301076,1909f56bfc062723c751e8b465ee728b)
Start importing Assets/Prefabs/Projectile.prefab using Guid(288541845ab8ec245ad316c98b7126e9) Importer(815301076,1909f56bfc062723c751e8b465ee728b)  -> (artifact id: '921043b3b951696692dc03e427e32997') in 0.013714 seconds
  Import took 0.018636 seconds .

========================================================================
Received Import Request.
  Time since last request: 1.392706 seconds.
  path: Assets/Prefabs/Projectile.prefab
  artifactKey: Guid(288541845ab8ec245ad316c98b7126e9) Importer(815301076,1909f56bfc062723c751e8b465ee728b)
Start importing Assets/Prefabs/Projectile.prefab using Guid(288541845ab8ec245ad316c98b7126e9) Importer(815301076,1909f56bfc062723c751e8b465ee728b)  -> (artifact id: '2d184e50336387c8cd8387473a19fc44') in 0.011100 seconds
  Import took 0.015628 seconds .

========================================================================
Received Import Request.
  Time since last request: 0.016217 seconds.
  path: Assets/Prefabs/Projectile.prefab
  artifactKey: Guid(288541845ab8ec245ad316c98b7126e9) Importer(815301076,1909f56bfc062723c751e8b465ee728b)
Start importing Assets/Prefabs/Projectile.prefab using Guid(288541845ab8ec245ad316c98b7126e9) Importer(815301076,1909f56bfc062723c751e8b465ee728b)  -> (artifact id: '2d184e50336387c8cd8387473a19fc44') in 0.024572 seconds
  Import took 0.028777 seconds .

========================================================================
Received Import Request.
  Time since last request: 3.426877 seconds.
  path: Assets/Prefabs/Projectile.prefab
  artifactKey: Guid(288541845ab8ec245ad316c98b7126e9) Importer(815301076,1909f56bfc062723c751e8b465ee728b)
Start importing Assets/Prefabs/Projectile.prefab using Guid(288541845ab8ec245ad316c98b7126e9) Importer(815301076,1909f56bfc062723c751e8b465ee728b)  -> (artifact id: 'dae06248d4ef9f15b663c2c4b7bb79ae') in 0.011760 seconds
  Import took 0.016222 seconds .

========================================================================
Received Import Request.
  Time since last request: 2.230803 seconds.
  path: Assets/Prefabs/Projectile.prefab
  artifactKey: Guid(288541845ab8ec245ad316c98b7126e9) Importer(815301076,1909f56bfc062723c751e8b465ee728b)
Start importing Assets/Prefabs/Projectile.prefab using Guid(288541845ab8ec245ad316c98b7126e9) Importer(815301076,1909f56bfc062723c751e8b465ee728b)  -> (artifact id: '477cbf87243908f141b708fc1390f236') in 0.012714 seconds
  Import took 0.017756 seconds .

========================================================================
Received Import Request.
  Time since last request: 1.202942 seconds.
  path: Assets/Prefabs/Projectile.prefab
  artifactKey: Guid(288541845ab8ec245ad316c98b7126e9) Importer(815301076,1909f56bfc062723c751e8b465ee728b)
Start importing Assets/Prefabs/Projectile.prefab using Guid(288541845ab8ec245ad316c98b7126e9) Importer(815301076,1909f56bfc062723c751e8b465ee728b)  -> (artifact id: 'b9676a99b9554a17cc629fb14e675e92') in 0.011051 seconds
  Import took 0.015567 seconds .

========================================================================
Received Import Request.
  Time since last request: 1.419112 seconds.
  path: Assets/Prefabs/Projectile.prefab
  artifactKey: Guid(288541845ab8ec245ad316c98b7126e9) Importer(815301076,1909f56bfc062723c751e8b465ee728b)
Start importing Assets/Prefabs/Projectile.prefab using Guid(288541845ab8ec245ad316c98b7126e9) Importer(815301076,1909f56bfc062723c751e8b465ee728b)  -> (artifact id: 'ef13d8d7e778c3ae10b3d51c9b596636') in 0.010783 seconds
  Import took 0.015640 seconds .

========================================================================
Received Import Request.
  Time since last request: 1.001414 seconds.
  path: Assets/Prefabs/Projectile.prefab
  artifactKey: Guid(288541845ab8ec245ad316c98b7126e9) Importer(815301076,1909f56bfc062723c751e8b465ee728b)
Start importing Assets/Prefabs/Projectile.prefab using Guid(288541845ab8ec245ad316c98b7126e9) Importer(815301076,1909f56bfc062723c751e8b465ee728b)  -> (artifact id: '579b4eca4ecf0ee5478245c2ef414edf') in 0.011792 seconds
  Import took 0.016358 seconds .

========================================================================
Received Import Request.
  Time since last request: 1.191683 seconds.
  path: Assets/Prefabs/Projectile.prefab
  artifactKey: Guid(288541845ab8ec245ad316c98b7126e9) Importer(815301076,1909f56bfc062723c751e8b465ee728b)
Start importing Assets/Prefabs/Projectile.prefab using Guid(288541845ab8ec245ad316c98b7126e9) Importer(815301076,1909f56bfc062723c751e8b465ee728b)  -> (artifact id: 'e52a84c55fdfc7a1e7170bc76954d5b5') in 0.011022 seconds
  Import took 0.015458 seconds .

========================================================================
Received Import Request.
  Time since last request: 1.218660 seconds.
  path: Assets/Prefabs/Projectile.prefab
  artifactKey: Guid(288541845ab8ec245ad316c98b7126e9) Importer(815301076,1909f56bfc062723c751e8b465ee728b)
Start importing Assets/Prefabs/Projectile.prefab using Guid(288541845ab8ec245ad316c98b7126e9) Importer(815301076,1909f56bfc062723c751e8b465ee728b)  -> (artifact id: '0c7801b7f233cd86b9a69d4c0d8f5a7d') in 0.010733 seconds
  Import took 0.015451 seconds .

========================================================================
Received Import Request.
  Time since last request: 1.658568 seconds.
  path: Assets/Prefabs/Projectile.prefab
  artifactKey: Guid(288541845ab8ec245ad316c98b7126e9) Importer(815301076,1909f56bfc062723c751e8b465ee728b)
Start importing Assets/Prefabs/Projectile.prefab using Guid(288541845ab8ec245ad316c98b7126e9) Importer(815301076,1909f56bfc062723c751e8b465ee728b)  -> (artifact id: '0ca261414a9fa38b8fd02130493d6617') in 0.011063 seconds
  Import took 0.014924 seconds .

========================================================================
Received Prepare
Registering precompiled user dll's ...
Registered in 0.001111 seconds.
Begin MonoManager ReloadAssembly
Native extension for WindowsStandalone target not found
Native extension for OSXStandalone target not found
Native extension for WebGL target not found
Refreshing native plugins compatible for Editor in 0.79 ms, found 1 plugins.
Preloading 0 native plugins for Editor in 0.00 ms.
Invoked RoslynAnalysisRunner static constructor.
RoslynAnalysisRunner will not be running.
RoslynAnalysisRunner has terminated.
Mono: successfully reloaded assembly
- Completed reload, in  0.924 seconds
Platform modules already initialized, skipping
Refreshing native plugins compatible for Editor in 0.48 ms, found 1 plugins.
Preloading 0 native plugins for Editor in 0.00 ms.
Unloading 2037 Unused Serialized files (Serialized files now loaded: 0)
System memory in use before: 100.5 MB.
System memory in use after: 100.5 MB.

Unloading 13 unused Assets to reduce memory usage. Loaded Objects now: 2554.
Total: 2.661300 ms (FindLiveObjects: 0.258300 ms CreateObjectMapping: 0.167100 ms MarkObjects: 2.101900 ms  DeleteObjects: 0.132200 ms)

========================================================================
Received Prepare
Registering precompiled user dll's ...
Registered in 0.001023 seconds.
Begin MonoManager ReloadAssembly
Native extension for WindowsStandalone target not found
Native extension for OSXStandalone target not found
Native extension for WebGL target not found
Refreshing native plugins compatible for Editor in 0.49 ms, found 1 plugins.
Preloading 0 native plugins for Editor in 0.00 ms.
Invoked RoslynAnalysisRunner static constructor.
RoslynAnalysisRunner will not be running.
RoslynAnalysisRunner has terminated.
Mono: successfully reloaded assembly
- Completed reload, in  0.925 seconds
Platform modules already initialized, skipping
Refreshing native plugins compatible for Editor in 0.46 ms, found 1 plugins.
Preloading 0 native plugins for Editor in 0.00 ms.
Unloading 2037 Unused Serialized files (Serialized files now loaded: 0)
System memory in use before: 100.2 MB.
System memory in use after: 100.2 MB.

Unloading 13 unused Assets to reduce memory usage. Loaded Objects now: 2557.
Total: 2.675300 ms (FindLiveObjects: 0.273900 ms CreateObjectMapping: 0.099800 ms MarkObjects: 2.173100 ms  DeleteObjects: 0.127200 ms)

========================================================================
Received Prepare
Registering precompiled user dll's ...
Registered in 0.001102 seconds.
Begin MonoManager ReloadAssembly
Native extension for WindowsStandalone target not found
Native extension for OSXStandalone target not found
Native extension for WebGL target not found
Refreshing native plugins compatible for Editor in 0.46 ms, found 1 plugins.
Preloading 0 native plugins for Editor in 0.00 ms.
Invoked RoslynAnalysisRunner static constructor.
RoslynAnalysisRunner will not be running.
RoslynAnalysisRunner has terminated.
Mono: successfully reloaded assembly
- Completed reload, in  0.887 seconds
Platform modules already initialized, skipping
Refreshing native plugins compatible for Editor in 0.48 ms, found 1 plugins.
Preloading 0 native plugins for Editor in 0.00 ms.
Unloading 2037 Unused Serialized files (Serialized files now loaded: 0)
System memory in use before: 100.5 MB.
System memory in use after: 100.5 MB.

Unloading 13 unused Assets to reduce memory usage. Loaded Objects now: 2560.
Total: 2.882200 ms (FindLiveObjects: 0.428900 ms CreateObjectMapping: 0.178900 ms MarkObjects: 2.129000 ms  DeleteObjects: 0.144000 ms)

========================================================================
Received Prepare
Registering precompiled user dll's ...
Registered in 0.001232 seconds.
Begin MonoManager ReloadAssembly
Native extension for WindowsStandalone target not found
Native extension for OSXStandalone target not found
Native extension for WebGL target not found
Refreshing native plugins compatible for Editor in 0.48 ms, found 1 plugins.
Preloading 0 native plugins for Editor in 0.00 ms.
Invoked RoslynAnalysisRunner static constructor.
RoslynAnalysisRunner will not be running.
RoslynAnalysisRunner has terminated.
Mono: successfully reloaded assembly
- Completed reload, in  0.872 seconds
Platform modules already initialized, skipping
Refreshing native plugins compatible for Editor in 0.45 ms, found 1 plugins.
Preloading 0 native plugins for Editor in 0.00 ms.
Unloading 2037 Unused Serialized files (Serialized files now loaded: 0)
System memory in use before: 100.1 MB.
System memory in use after: 100.2 MB.

Unloading 13 unused Assets to reduce memory usage. Loaded Objects now: 2563.
Total: 2.494900 ms (FindLiveObjects: 0.322600 ms CreateObjectMapping: 0.086600 ms MarkObjects: 1.961200 ms  DeleteObjects: 0.123600 ms)

========================================================================
Received Prepare
Registering precompiled user dll's ...
Registered in 0.001147 seconds.
Begin MonoManager ReloadAssembly
Native extension for WindowsStandalone target not found
Native extension for OSXStandalone target not found
Native extension for WebGL target not found
Refreshing native plugins compatible for Editor in 0.46 ms, found 1 plugins.
Preloading 0 native plugins for Editor in 0.00 ms.
Invoked RoslynAnalysisRunner static constructor.
RoslynAnalysisRunner will not be running.
RoslynAnalysisRunner has terminated.
Mono: successfully reloaded assembly
- Completed reload, in  0.947 seconds
Platform modules already initialized, skipping
Refreshing native plugins compatible for Editor in 0.44 ms, found 1 plugins.
Preloading 0 native plugins for Editor in 0.00 ms.
Unloading 2037 Unused Serialized files (Serialized files now loaded: 0)
System memory in use before: 100.5 MB.
System memory in use after: 100.5 MB.

Unloading 13 unused Assets to reduce memory usage. Loaded Objects now: 2566.
Total: 2.559200 ms (FindLiveObjects: 0.221800 ms CreateObjectMapping: 0.080900 ms MarkObjects: 2.107600 ms  DeleteObjects: 0.148000 ms)

========================================================================
Received Prepare
Registering precompiled user dll's ...
Registered in 0.001196 seconds.
Begin MonoManager ReloadAssembly
Native extension for WindowsStandalone target not found
Native extension for OSXStandalone target not found
Native extension for WebGL target not found
Refreshing native plugins compatible for Editor in 0.45 ms, found 1 plugins.
Preloading 0 native plugins for Editor in 0.00 ms.
Invoked RoslynAnalysisRunner static constructor.
RoslynAnalysisRunner will not be running.
RoslynAnalysisRunner has terminated.
Mono: successfully reloaded assembly
- Completed reload, in  0.879 seconds
Platform modules already initialized, skipping
Refreshing native plugins compatible for Editor in 0.45 ms, found 1 plugins.
Preloading 0 native plugins for Editor in 0.00 ms.
Unloading 2037 Unused Serialized files (Serialized files now loaded: 0)
System memory in use before: 100.1 MB.
System memory in use after: 100.1 MB.

Unloading 13 unused Assets to reduce memory usage. Loaded Objects now: 2569.
Total: 2.727600 ms (FindLiveObjects: 0.238300 ms CreateObjectMapping: 0.080800 ms MarkObjects: 2.258300 ms  DeleteObjects: 0.149200 ms)

========================================================================
Received Prepare
Registering precompiled user dll's ...
Registered in 0.001222 seconds.
Begin MonoManager ReloadAssembly
Native extension for WindowsStandalone target not found
Native extension for OSXStandalone target not found
Native extension for WebGL target not found
Refreshing native plugins compatible for Editor in 0.45 ms, found 1 plugins.
Preloading 0 native plugins for Editor in 0.00 ms.
Invoked RoslynAnalysisRunner static constructor.
RoslynAnalysisRunner will not be running.
RoslynAnalysisRunner has terminated.
Mono: successfully reloaded assembly
- Completed reload, in  0.876 seconds
Platform modules already initialized, skipping
Refreshing native plugins compatible for Editor in 0.60 ms, found 1 plugins.
Preloading 0 native plugins for Editor in 0.00 ms.
Unloading 2037 Unused Serialized files (Serialized files now loaded: 0)
System memory in use before: 100.5 MB.
System memory in use after: 100.5 MB.

Unloading 13 unused Assets to reduce memory usage. Loaded Objects now: 2572.
Total: 2.333700 ms (FindLiveObjects: 0.272800 ms CreateObjectMapping: 0.086000 ms MarkObjects: 1.829300 ms  DeleteObjects: 0.144600 ms)

========================================================================
Received Prepare
Registering precompiled user dll's ...
Registered in 0.001046 seconds.
Begin MonoManager ReloadAssembly
Native extension for WindowsStandalone target not found
Native extension for OSXStandalone target not found
Native extension for WebGL target not found
Refreshing native plugins compatible for Editor in 0.52 ms, found 1 plugins.
Preloading 0 native plugins for Editor in 0.00 ms.
Invoked RoslynAnalysisRunner static constructor.
RoslynAnalysisRunner will not be running.
RoslynAnalysisRunner has terminated.
Mono: successfully reloaded assembly
- Completed reload, in  0.838 seconds
Platform modules already initialized, skipping
Refreshing native plugins compatible for Editor in 0.46 ms, found 1 plugins.
Preloading 0 native plugins for Editor in 0.00 ms.
Unloading 2037 Unused Serialized files (Serialized files now loaded: 0)
System memory in use before: 100.1 MB.
System memory in use after: 100.1 MB.

Unloading 13 unused Assets to reduce memory usage. Loaded Objects now: 2575.
Total: 2.596700 ms (FindLiveObjects: 0.224000 ms CreateObjectMapping: 0.081700 ms MarkObjects: 2.138600 ms  DeleteObjects: 0.151200 ms)

========================================================================
Received Prepare
Registering precompiled user dll's ...
Registered in 0.001693 seconds.
Begin MonoManager ReloadAssembly
Native extension for WindowsStandalone target not found
Native extension for OSXStandalone target not found
Native extension for WebGL target not found
Refreshing native plugins compatible for Editor in 0.76 ms, found 1 plugins.
Preloading 0 native plugins for Editor in 0.00 ms.
Invoked RoslynAnalysisRunner static constructor.
RoslynAnalysisRunner will not be running.
RoslynAnalysisRunner has terminated.
Mono: successfully reloaded assembly
- Completed reload, in  0.846 seconds
Platform modules already initialized, skipping
Refreshing native plugins compatible for Editor in 0.45 ms, found 1 plugins.
Preloading 0 native plugins for Editor in 0.00 ms.
Unloading 2037 Unused Serialized files (Serialized files now loaded: 0)
System memory in use before: 100.5 MB.
System memory in use after: 100.5 MB.

Unloading 13 unused Assets to reduce memory usage. Loaded Objects now: 2578.
Total: 2.436900 ms (FindLiveObjects: 0.357300 ms CreateObjectMapping: 0.085800 ms MarkObjects: 1.856600 ms  DeleteObjects: 0.136300 ms)

========================================================================
Received Prepare
Registering precompiled user dll's ...
Registered in 0.001044 seconds.
Begin MonoManager ReloadAssembly
Native extension for WindowsStandalone target not found
Native extension for OSXStandalone target not found
Native extension for WebGL target not found
Refreshing native plugins compatible for Editor in 0.44 ms, found 1 plugins.
Preloading 0 native plugins for Editor in 0.00 ms.
Invoked RoslynAnalysisRunner static constructor.
RoslynAnalysisRunner will not be running.
RoslynAnalysisRunner has terminated.
Mono: successfully reloaded assembly
- Completed reload, in  0.886 seconds
Platform modules already initialized, skipping
Refreshing native plugins compatible for Editor in 0.51 ms, found 1 plugins.
Preloading 0 native plugins for Editor in 0.00 ms.
Unloading 2037 Unused Serialized files (Serialized files now loaded: 0)
System memory in use before: 100.0 MB.
System memory in use after: 100.0 MB.

Unloading 13 unused Assets to reduce memory usage. Loaded Objects now: 2581.
Total: 2.958500 ms (FindLiveObjects: 0.306200 ms CreateObjectMapping: 0.076600 ms MarkObjects: 2.418900 ms  DeleteObjects: 0.156000 ms)

========================================================================
Received Prepare
Registering precompiled user dll's ...
Registered in 0.001033 seconds.
Begin MonoManager ReloadAssembly
Native extension for WindowsStandalone target not found
Native extension for OSXStandalone target not found
Native extension for WebGL target not found
Refreshing native plugins compatible for Editor in 0.43 ms, found 1 plugins.
Preloading 0 native plugins for Editor in 0.00 ms.
Invoked RoslynAnalysisRunner static constructor.
RoslynAnalysisRunner will not be running.
RoslynAnalysisRunner has terminated.
Mono: successfully reloaded assembly
- Completed reload, in  0.992 seconds
Platform modules already initialized, skipping
Refreshing native plugins compatible for Editor in 0.65 ms, found 1 plugins.
Preloading 0 native plugins for Editor in 0.00 ms.
Unloading 2037 Unused Serialized files (Serialized files now loaded: 0)
System memory in use before: 100.5 MB.
System memory in use after: 100.5 MB.

Unloading 13 unused Assets to reduce memory usage. Loaded Objects now: 2584.
Total: 2.798400 ms (FindLiveObjects: 0.466500 ms CreateObjectMapping: 0.142300 ms MarkObjects: 2.059400 ms  DeleteObjects: 0.128400 ms)

========================================================================
Received Import Request.
  Time since last request: 2235.419757 seconds.
  path: Assets/Prefabs/LaunchEnemy.prefab
  artifactKey: Guid(5d47d3b54f2dde048af5b944bc68abd2) Importer(815301076,1909f56bfc062723c751e8b465ee728b)
Start importing Assets/Prefabs/LaunchEnemy.prefab using Guid(5d47d3b54f2dde048af5b944bc68abd2) Importer(815301076,1909f56bfc062723c751e8b465ee728b)  -> (artifact id: 'e9cb582480d369d4cdf66b55275b00d1') in 0.075974 seconds
  Import took 0.081837 seconds .

========================================================================
Received Import Request.
  Time since last request: 11.673353 seconds.
  path: Assets/Prefabs/PlayerHit.prefab
  artifactKey: Guid(4a11e69bc572bdb48b4ccd6222096960) Importer(815301076,1909f56bfc062723c751e8b465ee728b)
Start importing Assets/Prefabs/PlayerHit.prefab using Guid(4a11e69bc572bdb48b4ccd6222096960) Importer(815301076,1909f56bfc062723c751e8b465ee728b)  -> (artifact id: '1fe8044a5bc3bbcaec54e2b19cdcbf5d') in 0.011213 seconds
  Import took 0.016069 seconds .

========================================================================
Received Prepare
Registering precompiled user dll's ...
Registered in 0.001050 seconds.
Begin MonoManager ReloadAssembly
Native extension for WindowsStandalone target not found
Native extension for OSXStandalone target not found
Native extension for WebGL target not found
Refreshing native plugins compatible for Editor in 0.47 ms, found 1 plugins.
Preloading 0 native plugins for Editor in 0.00 ms.
Invoked RoslynAnalysisRunner static constructor.
RoslynAnalysisRunner will not be running.
RoslynAnalysisRunner has terminated.
Mono: successfully reloaded assembly
- Completed reload, in  0.900 seconds
Platform modules already initialized, skipping
Refreshing native plugins compatible for Editor in 0.45 ms, found 1 plugins.
Preloading 0 native plugins for Editor in 0.00 ms.
Unloading 2037 Unused Serialized files (Serialized files now loaded: 0)
System memory in use before: 100.5 MB.
System memory in use after: 100.5 MB.

Unloading 13 unused Assets to reduce memory usage. Loaded Objects now: 2588.
Total: 2.622700 ms (FindLiveObjects: 0.321000 ms CreateObjectMapping: 0.082600 ms MarkObjects: 2.062900 ms  DeleteObjects: 0.155400 ms)

========================================================================
Received Prepare
Registering precompiled user dll's ...
Registered in 0.001251 seconds.
Begin MonoManager ReloadAssembly
Native extension for WindowsStandalone target not found
Native extension for OSXStandalone target not found
Native extension for WebGL target not found
Refreshing native plugins compatible for Editor in 0.45 ms, found 1 plugins.
Preloading 0 native plugins for Editor in 0.00 ms.
Invoked RoslynAnalysisRunner static constructor.
RoslynAnalysisRunner will not be running.
RoslynAnalysisRunner has terminated.
Mono: successfully reloaded assembly
- Completed reload, in  0.945 seconds
Platform modules already initialized, skipping
Refreshing native plugins compatible for Editor in 0.44 ms, found 1 plugins.
Preloading 0 native plugins for Editor in 0.00 ms.
Unloading 2037 Unused Serialized files (Serialized files now loaded: 0)
System memory in use before: 100.5 MB.
System memory in use after: 100.5 MB.

Unloading 13 unused Assets to reduce memory usage. Loaded Objects now: 2591.
Total: 2.525600 ms (FindLiveObjects: 0.224500 ms CreateObjectMapping: 0.082300 ms MarkObjects: 2.069100 ms  DeleteObjects: 0.148500 ms)

========================================================================
Received Prepare
Registering precompiled user dll's ...
Registered in 0.001097 seconds.
Begin MonoManager ReloadAssembly
Native extension for WindowsStandalone target not found
Native extension for OSXStandalone target not found
Native extension for WebGL target not found
Refreshing native plugins compatible for Editor in 0.48 ms, found 1 plugins.
Preloading 0 native plugins for Editor in 0.00 ms.
Invoked RoslynAnalysisRunner static constructor.
RoslynAnalysisRunner will not be running.
RoslynAnalysisRunner has terminated.
Mono: successfully reloaded assembly
- Completed reload, in  0.858 seconds
Platform modules already initialized, skipping
Refreshing native plugins compatible for Editor in 0.57 ms, found 1 plugins.
Preloading 0 native plugins for Editor in 0.00 ms.
Unloading 2037 Unused Serialized files (Serialized files now loaded: 0)
System memory in use before: 100.5 MB.
System memory in use after: 100.6 MB.

Unloading 13 unused Assets to reduce memory usage. Loaded Objects now: 2594.
Total: 2.824500 ms (FindLiveObjects: 0.340400 ms CreateObjectMapping: 0.086700 ms MarkObjects: 2.255900 ms  DeleteObjects: 0.140200 ms)

========================================================================
Received Prepare
Registering precompiled user dll's ...
Registered in 0.001086 seconds.
Begin MonoManager ReloadAssembly
Native extension for WindowsStandalone target not found
Native extension for OSXStandalone target not found
Native extension for WebGL target not found
Refreshing native plugins compatible for Editor in 0.42 ms, found 1 plugins.
Preloading 0 native plugins for Editor in 0.00 ms.
Invoked RoslynAnalysisRunner static constructor.
RoslynAnalysisRunner will not be running.
RoslynAnalysisRunner has terminated.
Mono: successfully reloaded assembly
- Completed reload, in  0.872 seconds
Platform modules already initialized, skipping
Refreshing native plugins compatible for Editor in 0.48 ms, found 1 plugins.
Preloading 0 native plugins for Editor in 0.00 ms.
Unloading 2037 Unused Serialized files (Serialized files now loaded: 0)
System memory in use before: 100.4 MB.
System memory in use after: 100.4 MB.

Unloading 13 unused Assets to reduce memory usage. Loaded Objects now: 2597.
Total: 2.958800 ms (FindLiveObjects: 0.370700 ms CreateObjectMapping: 0.174900 ms MarkObjects: 2.250500 ms  DeleteObjects: 0.161000 ms)

========================================================================
Received Prepare
Registering precompiled user dll's ...
Registered in 0.001022 seconds.
Begin MonoManager ReloadAssembly
Native extension for WindowsStandalone target not found
Native extension for OSXStandalone target not found
Native extension for WebGL target not found
Refreshing native plugins compatible for Editor in 0.43 ms, found 1 plugins.
Preloading 0 native plugins for Editor in 0.00 ms.
Invoked RoslynAnalysisRunner static constructor.
RoslynAnalysisRunner will not be running.
RoslynAnalysisRunner has terminated.
Mono: successfully reloaded assembly
- Completed reload, in  0.876 seconds
Platform modules already initialized, skipping
Refreshing native plugins compatible for Editor in 0.56 ms, found 1 plugins.
Preloading 0 native plugins for Editor in 0.00 ms.
Unloading 2037 Unused Serialized files (Serialized files now loaded: 0)
System memory in use before: 100.6 MB.
System memory in use after: 100.6 MB.

Unloading 13 unused Assets to reduce memory usage. Loaded Objects now: 2600.
Total: 2.448700 ms (FindLiveObjects: 0.272800 ms CreateObjectMapping: 0.084900 ms MarkObjects: 1.962900 ms  DeleteObjects: 0.126600 ms)

========================================================================
Received Prepare
Registering precompiled user dll's ...
Registered in 0.001006 seconds.
Begin MonoManager ReloadAssembly
Native extension for WindowsStandalone target not found
Native extension for OSXStandalone target not found
Native extension for WebGL target not found
Refreshing native plugins compatible for Editor in 0.48 ms, found 1 plugins.
Preloading 0 native plugins for Editor in 0.00 ms.
Invoked RoslynAnalysisRunner static constructor.
RoslynAnalysisRunner will not be running.
RoslynAnalysisRunner has terminated.
Mono: successfully reloaded assembly
- Completed reload, in  0.827 seconds
Platform modules already initialized, skipping
Refreshing native plugins compatible for Editor in 0.45 ms, found 1 plugins.
Preloading 0 native plugins for Editor in 0.00 ms.
Unloading 2037 Unused Serialized files (Serialized files now loaded: 0)
System memory in use before: 100.4 MB.
System memory in use after: 100.4 MB.

Unloading 13 unused Assets to reduce memory usage. Loaded Objects now: 2603.
Total: 2.497200 ms (FindLiveObjects: 0.229300 ms CreateObjectMapping: 0.080800 ms MarkObjects: 2.042000 ms  DeleteObjects: 0.144300 ms)

========================================================================
Received Prepare
Registering precompiled user dll's ...
Registered in 0.001198 seconds.
Begin MonoManager ReloadAssembly
Native extension for WindowsStandalone target not found
Native extension for OSXStandalone target not found
Native extension for WebGL target not found
Refreshing native plugins compatible for Editor in 0.44 ms, found 1 plugins.
Preloading 0 native plugins for Editor in 0.00 ms.
Invoked RoslynAnalysisRunner static constructor.
RoslynAnalysisRunner will not be running.
RoslynAnalysisRunner has terminated.
Mono: successfully reloaded assembly
- Completed reload, in  0.963 seconds
Platform modules already initialized, skipping
Refreshing native plugins compatible for Editor in 0.45 ms, found 1 plugins.
Preloading 0 native plugins for Editor in 0.00 ms.
Unloading 2038 Unused Serialized files (Serialized files now loaded: 0)
System memory in use before: 100.6 MB.
System memory in use after: 100.6 MB.

Unloading 13 unused Assets to reduce memory usage. Loaded Objects now: 2607.
Total: 2.824600 ms (FindLiveObjects: 0.380900 ms CreateObjectMapping: 0.100900 ms MarkObjects: 2.176800 ms  DeleteObjects: 0.164600 ms)

========================================================================
Received Prepare
Registering precompiled user dll's ...
Registered in 0.000968 seconds.
Begin MonoManager ReloadAssembly
Native extension for WindowsStandalone target not found
Native extension for OSXStandalone target not found
Native extension for WebGL target not found
Refreshing native plugins compatible for Editor in 0.76 ms, found 1 plugins.
Preloading 0 native plugins for Editor in 0.00 ms.
Invoked RoslynAnalysisRunner static constructor.
RoslynAnalysisRunner will not be running.
RoslynAnalysisRunner has terminated.
Mono: successfully reloaded assembly
- Completed reload, in  0.942 seconds
Platform modules already initialized, skipping
Refreshing native plugins compatible for Editor in 0.47 ms, found 1 plugins.
Preloading 0 native plugins for Editor in 0.00 ms.
Unloading 2038 Unused Serialized files (Serialized files now loaded: 0)
System memory in use before: 100.4 MB.
System memory in use after: 100.4 MB.

Unloading 13 unused Assets to reduce memory usage. Loaded Objects now: 2610.
Total: 2.530600 ms (FindLiveObjects: 0.299000 ms CreateObjectMapping: 0.082600 ms MarkObjects: 1.989800 ms  DeleteObjects: 0.157900 ms)

========================================================================
Received Import Request.
  Time since last request: 1044.981657 seconds.
  path: Assets/Scripts/ScoreText.cs
  artifactKey: Guid(5318c9ef40300b949a696e55c0710636) Importer(815301076,1909f56bfc062723c751e8b465ee728b)
Start importing Assets/Scripts/ScoreText.cs using Guid(5318c9ef40300b949a696e55c0710636) Importer(815301076,1909f56bfc062723c751e8b465ee728b)  -> (artifact id: 'f0f847d2d2ea1611cfde3d5638923a11') in 0.016690 seconds
  Import took 0.021476 seconds .

========================================================================
Received Import Request.
  Time since last request: 0.010067 seconds.
  path: Assets/Scripts/Restart.cs
  artifactKey: Guid(817e19ddd0e2b0b49a1d9fa591998e1a) Importer(815301076,1909f56bfc062723c751e8b465ee728b)
Start importing Assets/Scripts/Restart.cs using Guid(817e19ddd0e2b0b49a1d9fa591998e1a) Importer(815301076,1909f56bfc062723c751e8b465ee728b)  -> (artifact id: 'b14fc6e035da0bf2d92f39357a19e69f') in 0.009345 seconds
  Import took 0.014069 seconds .

========================================================================
Received Import Request.
  Time since last request: 0.007644 seconds.
  path: Assets/Scripts/Restart.cs
  artifactKey: Guid(817e19ddd0e2b0b49a1d9fa591998e1a) Importer(815301076,1909f56bfc062723c751e8b465ee728b)
Start importing Assets/Scripts/Restart.cs using Guid(817e19ddd0e2b0b49a1d9fa591998e1a) Importer(815301076,1909f56bfc062723c751e8b465ee728b)  -> (artifact id: 'b14fc6e035da0bf2d92f39357a19e69f') in 0.003595 seconds
  Import took 0.007537 seconds .

========================================================================
Received Prepare
Registering precompiled user dll's ...
Registered in 0.001061 seconds.
Begin MonoManager ReloadAssembly
Native extension for WindowsStandalone target not found
Native extension for OSXStandalone target not found
Native extension for WebGL target not found
Refreshing native plugins compatible for Editor in 0.44 ms, found 1 plugins.
Preloading 0 native plugins for Editor in 0.00 ms.
Invoked RoslynAnalysisRunner static constructor.
RoslynAnalysisRunner will not be running.
RoslynAnalysisRunner has terminated.
Mono: successfully reloaded assembly
- Completed reload, in  0.868 seconds
Platform modules already initialized, skipping
Refreshing native plugins compatible for Editor in 0.48 ms, found 1 plugins.
Preloading 0 native plugins for Editor in 0.00 ms.
Unloading 2038 Unused Serialized files (Serialized files now loaded: 0)
System memory in use before: 100.6 MB.
System memory in use after: 100.6 MB.

Unloading 13 unused Assets to reduce memory usage. Loaded Objects now: 2613.
Total: 2.829900 ms (FindLiveObjects: 0.242900 ms CreateObjectMapping: 0.087900 ms MarkObjects: 2.356300 ms  DeleteObjects: 0.141300 ms)

========================================================================
Received Import Request.
  Time since last request: 54.894568 seconds.
  path: Assets/Scripts/Restart.cs
  artifactKey: Guid(817e19ddd0e2b0b49a1d9fa591998e1a) Importer(815301076,1909f56bfc062723c751e8b465ee728b)
Start importing Assets/Scripts/Restart.cs using Guid(817e19ddd0e2b0b49a1d9fa591998e1a) Importer(815301076,1909f56bfc062723c751e8b465ee728b)  -> (artifact id: 'd00bd0272afcc9b00c080ecf51a24d55') in 0.005769 seconds
  Import took 0.010041 seconds .

========================================================================
Received Prepare
Registering precompiled user dll's ...
Registered in 0.001001 seconds.
Begin MonoManager ReloadAssembly
Native extension for WindowsStandalone target not found
Native extension for OSXStandalone target not found
Native extension for WebGL target not found
Refreshing native plugins compatible for Editor in 0.43 ms, found 1 plugins.
Preloading 0 native plugins for Editor in 0.00 ms.
Invoked RoslynAnalysisRunner static constructor.
RoslynAnalysisRunner will not be running.
RoslynAnalysisRunner has terminated.
Mono: successfully reloaded assembly
- Completed reload, in  0.955 seconds
Platform modules already initialized, skipping
Refreshing native plugins compatible for Editor in 0.46 ms, found 1 plugins.
Preloading 0 native plugins for Editor in 0.00 ms.
Unloading 2038 Unused Serialized files (Serialized files now loaded: 0)
System memory in use before: 100.3 MB.
System memory in use after: 100.3 MB.

Unloading 13 unused Assets to reduce memory usage. Loaded Objects now: 2616.
Total: 2.382900 ms (FindLiveObjects: 0.218300 ms CreateObjectMapping: 0.084100 ms MarkObjects: 1.965800 ms  DeleteObjects: 0.113500 ms)

========================================================================
Received Prepare
Registering precompiled user dll's ...
Registered in 0.001135 seconds.
Begin MonoManager ReloadAssembly
Native extension for WindowsStandalone target not found
Native extension for OSXStandalone target not found
Native extension for WebGL target not found
Refreshing native plugins compatible for Editor in 0.46 ms, found 1 plugins.
Preloading 0 native plugins for Editor in 0.00 ms.
Invoked RoslynAnalysisRunner static constructor.
RoslynAnalysisRunner will not be running.
RoslynAnalysisRunner has terminated.
Mono: successfully reloaded assembly
- Completed reload, in  0.886 seconds
Platform modules already initialized, skipping
Refreshing native plugins compatible for Editor in 0.48 ms, found 1 plugins.
Preloading 0 native plugins for Editor in 0.00 ms.
Unloading 2038 Unused Serialized files (Serialized files now loaded: 0)
System memory in use before: 100.6 MB.
System memory in use after: 100.6 MB.

Unloading 13 unused Assets to reduce memory usage. Loaded Objects now: 2619.
Total: 2.466900 ms (FindLiveObjects: 0.228000 ms CreateObjectMapping: 0.081600 ms MarkObjects: 2.008100 ms  DeleteObjects: 0.148200 ms)

========================================================================
Received Prepare
Registering precompiled user dll's ...
Registered in 0.001033 seconds.
Begin MonoManager ReloadAssembly
Native extension for WindowsStandalone target not found
Native extension for OSXStandalone target not found
Native extension for WebGL target not found
Refreshing native plugins compatible for Editor in 0.43 ms, found 1 plugins.
Preloading 0 native plugins for Editor in 0.00 ms.
Invoked RoslynAnalysisRunner static constructor.
RoslynAnalysisRunner will not be running.
RoslynAnalysisRunner has terminated.
Mono: successfully reloaded assembly
- Completed reload, in  0.907 seconds
Platform modules already initialized, skipping
Refreshing native plugins compatible for Editor in 0.44 ms, found 1 plugins.
Preloading 0 native plugins for Editor in 0.00 ms.
Unloading 2038 Unused Serialized files (Serialized files now loaded: 0)
System memory in use before: 100.3 MB.
System memory in use after: 100.3 MB.

Unloading 13 unused Assets to reduce memory usage. Loaded Objects now: 2622.
Total: 2.628500 ms (FindLiveObjects: 0.331800 ms CreateObjectMapping: 0.086300 ms MarkObjects: 2.057500 ms  DeleteObjects: 0.152200 ms)

========================================================================
Received Prepare
Registering precompiled user dll's ...
Registered in 0.001108 seconds.
Begin MonoManager ReloadAssembly
Native extension for WindowsStandalone target not found
Native extension for OSXStandalone target not found
Native extension for WebGL target not found
Refreshing native plugins compatible for Editor in 0.43 ms, found 1 plugins.
Preloading 0 native plugins for Editor in 0.00 ms.
Invoked RoslynAnalysisRunner static constructor.
RoslynAnalysisRunner will not be running.
RoslynAnalysisRunner has terminated.
Mono: successfully reloaded assembly
- Completed reload, in  0.877 seconds
Platform modules already initialized, skipping
Refreshing native plugins compatible for Editor in 0.48 ms, found 1 plugins.
Preloading 0 native plugins for Editor in 0.00 ms.
Unloading 2038 Unused Serialized files (Serialized files now loaded: 0)
System memory in use before: 100.6 MB.
System memory in use after: 100.7 MB.

Unloading 13 unused Assets to reduce memory usage. Loaded Objects now: 2625.
Total: 2.666800 ms (FindLiveObjects: 0.265700 ms CreateObjectMapping: 0.079800 ms MarkObjects: 2.180300 ms  DeleteObjects: 0.139700 ms)

========================================================================
Received Prepare
Registering precompiled user dll's ...
Registered in 0.001121 seconds.
Begin MonoManager ReloadAssembly
Native extension for WindowsStandalone target not found
Native extension for OSXStandalone target not found
Native extension for WebGL target not found
Refreshing native plugins compatible for Editor in 0.60 ms, found 1 plugins.
Preloading 0 native plugins for Editor in 0.00 ms.
Invoked RoslynAnalysisRunner static constructor.
RoslynAnalysisRunner will not be running.
RoslynAnalysisRunner has terminated.
Mono: successfully reloaded assembly
- Completed reload, in  0.863 seconds
Platform modules already initialized, skipping
Refreshing native plugins compatible for Editor in 0.45 ms, found 1 plugins.
Preloading 0 native plugins for Editor in 0.00 ms.
Unloading 2038 Unused Serialized files (Serialized files now loaded: 0)
System memory in use before: 100.3 MB.
System memory in use after: 100.3 MB.

Unloading 13 unused Assets to reduce memory usage. Loaded Objects now: 2628.
Total: 2.527300 ms (FindLiveObjects: 0.339700 ms CreateObjectMapping: 0.097700 ms MarkObjects: 1.934700 ms  DeleteObjects: 0.154000 ms)

========================================================================
Received Prepare
Refreshing native plugins compatible for Editor in 2.26 ms, found 1 plugins.
Preloading 0 native plugins for Editor in 0.00 ms.
Unloading 10 Unused Serialized files (Serialized files now loaded: 0)
System memory in use before: 60.5 MB.
System memory in use after: 60.5 MB.

Unloading 10 unused Assets to reduce memory usage. Loaded Objects now: 2628.
Total: 3.117600 ms (FindLiveObjects: 0.388300 ms CreateObjectMapping: 0.242900 ms MarkObjects: 2.268900 ms  DeleteObjects: 0.215500 ms)

========================================================================
Received Prepare
Refreshing native plugins compatible for Editor in 1.83 ms, found 1 plugins.
Preloading 0 native plugins for Editor in 0.00 ms.
Unloading 10 Unused Serialized files (Serialized files now loaded: 0)
System memory in use before: 60.1 MB.
System memory in use after: 60.1 MB.

Unloading 10 unused Assets to reduce memory usage. Loaded Objects now: 2628.
Total: 3.124000 ms (FindLiveObjects: 0.257100 ms CreateObjectMapping: 0.080800 ms MarkObjects: 2.624300 ms  DeleteObjects: 0.160200 ms)

